<?xml version="1.0" encoding="UTF-8"?>
<!-- Generated by org.testng.reporters.JUnitXMLReporter -->
<testsuite ignored="8" hostname="DESKTOP-DRB929D" failures="0" tests="3" name="Default test" time="21.931" errors="0" timestamp="2025-08-19T14:31:28 EET">
  <testcase classname="MyTestCasesDribbble" name="SignUp" time="1.81"/>
  <testcase classname="MyTestCasesDribbble" name="AddToTheCart" time="3.203"/>
  <testcase classname="MyTestCasesDribbble" name="CheckOut" time="14.605"/>
  <testcase classname="MyTestCasesDribbble" name="SortItems" time="0.0">
    <ignored/>
  </testcase> <!-- SortItems -->
  <testcase classname="MyTestCasesDribbble" name="ContactForm" time="0.0">
    <ignored/>
  </testcase> <!-- ContactForm -->
  <testcase classname="MyTestCasesDribbble" name="SearchNotFoundItem" time="0.0">
    <ignored/>
  </testcase> <!-- SearchNotFoundItem -->
  <testcase classname="MyTestCasesDribbble" name="LogOut" time="0.0">
    <ignored/>
  </testcase> <!-- LogOut -->
  <testcase classname="MyTestCasesDribbble" name="ChangeCurrency" time="0.0">
    <ignored/>
  </testcase> <!-- ChangeCurrency -->
  <testcase classname="MyTestCasesDribbble" name="OpenIteamPage" time="0.0">
    <ignored/>
  </testcase> <!-- OpenIteamPage -->
  <testcase classname="MyTestCasesDribbble" name="Login" time="0.0">
    <ignored/>
  </testcase> <!-- Login -->
  <testcase classname="MyTestCasesDribbble" name="SearchForIteam" time="0.0">
    <ignored/>
  </testcase> <!-- SearchForIteam -->
</testsuite> <!-- Default test -->
