<?xml version="1.0" encoding="UTF-8"?>
<testng-results ignored="8" total="11" passed="3" failed="0" skipped="0">
  <reporter-output>
  </reporter-output>
  <suite started-at="2025-08-19T14:31:06 EET" name="Default suite" finished-at="2025-08-19T14:31:28 EET" duration-ms="21931">
    <groups>
    </groups>
    <test started-at="2025-08-19T14:31:06 EET" name="Default test" finished-at="2025-08-19T14:31:28 EET" duration-ms="21931">
      <class name="MyTestCasesDribbble">
        <test-method is-config="true" signature="MySetUp()[pri:0, instance:MyTestCasesDribbble@77a7cf58]" started-at="2025-08-19T14:31:06 EET" name="MySetUp" finished-at="2025-08-19T14:31:08 EET" duration-ms="2230" status="PASS">
          <reporter-output>
          </reporter-output>
        </test-method> <!-- MySetUp -->
        <test-method signature="SignUp()[pri:1, instance:MyTestCasesDribbble@77a7cf58]" started-at="2025-08-19T14:31:09 EET" name="SignUp" finished-at="2025-08-19T14:31:10 EET" duration-ms="1810" status="PASS">
          <reporter-output>
          </reporter-output>
        </test-method> <!-- SignUp -->
        <test-method signature="AddToTheCart()[pri:9, instance:MyTestCasesDribbble@77a7cf58]" started-at="2025-08-19T14:31:10 EET" name="AddToTheCart" finished-at="2025-08-19T14:31:14 EET" duration-ms="3203" status="PASS">
          <reporter-output>
          </reporter-output>
        </test-method> <!-- AddToTheCart -->
        <test-method signature="CheckOut()[pri:10, instance:MyTestCasesDribbble@77a7cf58]" started-at="2025-08-19T14:31:14 EET" name="CheckOut" finished-at="2025-08-19T14:31:28 EET" duration-ms="14605" status="PASS">
          <reporter-output>
          </reporter-output>
        </test-method> <!-- CheckOut -->
      </class> <!-- MyTestCasesDribbble -->
    </test> <!-- Default test -->
  </suite> <!-- Default suite -->
</testng-results>
